Change Physical Footprint: Designator=C17 Old Footprint=CAPC1608X85L22N New Footprint=CAPC1608X85L22N
Change Physical Footprint: Designator=C19 Old Footprint=CAPC1608X85L22N New Footprint=CAPC1608X85L22N
Change Physical Footprint: Designator=C27 Old Footprint=CAPC1608X85L22N New Footprint=CAPC1608X85L22N
Change Physical Footprint: Designator=C28 Old Footprint=CAPC1608X85L22N New Footprint=CAPC1608X85L22N
Change Physical Footprint: Designator=C31 Old Footprint=CAPC1608X85L22N New Footprint=CAPC1608X85L22N
Change Physical Footprint: Designator=C47 Old Footprint=CAPC1608X85L22N New Footprint=CAPC1608X85L22N
Change Physical Footprint: Designator=C48 Old Footprint=CAPC1608X85L22N New Footprint=CAPC1608X85L22N
Change Physical Footprint: Designator=J1 Old Footprint=HDRVS20W25P100_10X2_1295X346H346 New Footprint=HDRVS20W25P100_10X2_1295X346H346
Change Physical Footprint: Designator=J? Old Footprint=EMERSON_EDGE_062 New Footprint=EMERSON_EDGE_062
Change Physical Footprint: Designator=J? Old Footprint=EMERSON_EDGE_062 New Footprint=EMERSON_EDGE_062
Change Physical Footprint: Designator=R17 Old Footprint=RESC1608X45L30N New Footprint=RESC1608X45L30N
Change Physical Footprint: Designator=R18 Old Footprint=RESC1608X45L30N New Footprint=RESC1608X45L30N
Change Physical Footprint: Designator=R19 Old Footprint=RESC1608X45L30N New Footprint=RESC1608X45L30N
Change Physical Footprint: Designator=R20 Old Footprint=RESC1608X45L30N New Footprint=RESC1608X45L30N
Change Physical Footprint: Designator=R21 Old Footprint=RESC1608X45L30N New Footprint=RESC1608X45L30N
Change Physical Footprint: Designator=R22 Old Footprint=RESC1608X45L30N New Footprint=RESC1608X45L30N
Change Physical Footprint: Designator=R23 Old Footprint=RESC1608X45L30N New Footprint=RESC1608X45L30N
Change Physical Footprint: Designator=R24 Old Footprint=RESC1608X45L30N New Footprint=RESC1608X45L30N
Change Physical Footprint: Designator=R25 Old Footprint=RESC1608X45L30N New Footprint=RESC1608X45L30N
Change Physical Footprint: Designator=R27 Old Footprint=RESC1608X45L30N New Footprint=RESC1608X45L30N
Change Physical Footprint: Designator=R28 Old Footprint=RESC1608X45L30N New Footprint=RESC1608X45L30N
Change Physical Footprint: Designator=R29 Old Footprint=RESC1608X45L30N New Footprint=RESC1608X45L30N
Change Physical Footprint: Designator=R30 Old Footprint=RESC1608X45L30N New Footprint=RESC1608X45L30N
Change Physical Footprint: Designator=R31 Old Footprint=RESC1608X45L30N New Footprint=RESC1608X45L30N
Change Physical Footprint: Designator=R32 Old Footprint=RESC1608X45L30N New Footprint=RESC1608X45L30N
Change Physical Footprint: Designator=R33 Old Footprint=RESC1608X45L30N New Footprint=RESC1608X45L30N
Change Physical Footprint: Designator=R43 Old Footprint=RESC1608X45L30N New Footprint=RESC1608X45L30N
Change Physical Footprint: Designator=U1 Old Footprint=QFN50P1200X1200X90-89T670X670N New Footprint=QFN50P1200X1200X90-89T670X670N
Change Physical Footprint: Designator=U? Old Footprint=QFP50P2200X2200X145-144L35N New Footprint=QFP50P2200X2200X145-144L35N
Change Physical Footprint: Designator=Y1 Old Footprint=XTALSC320X500X120-2N New Footprint=XTALSC320X500X120-2N
Change Physical Footprint: Designator=Y2 Old Footprint=OSCL550P795X375X250-4N New Footprint=OSCL550P795X375X250-4N
